0 info it worked if it ends with ok
1 verbose cli [ 'C:\\Program Files\\nodejs\\node.exe',
1 verbose cli   'C:\\Program Files\\nodejs\\node_modules\\npm\\bin\\npm-cli.js',
1 verbose cli   'start' ]
2 info using npm@3.10.3
3 info using node@v6.3.1
4 verbose run-script [ 'prestart', 'start', 'poststart' ]
5 info lifecycle location-test@1.0.0~prestart: location-test@1.0.0
6 silly lifecycle location-test@1.0.0~prestart: no script for prestart, continuing
7 info lifecycle location-test@1.0.0~start: location-test@1.0.0
8 verbose lifecycle location-test@1.0.0~start: unsafe-perm in lifecycle true
9 verbose lifecycle location-test@1.0.0~start: PATH: D:\system\nvm\nvm\v6.3.1\node_modules\npm\bin\node-gyp-bin;D:\example\me\server\node_modules\.bin;C:\Program Files\nodejs;D:\system\xshell6\;C:\ProgramData\DockerDesktop\version-bin;C:\Program Files\Docker\Docker\Resources\bin;C:\WINDOWS\system32;C:\WINDOWS;C:\WINDOWS\System32\Wbem;C:\WINDOWS\System32\WindowsPowerShell\v1.0\;C:\WINDOWS\System32\OpenSSH\;D:\system\git\Git\cmd;D:\system\nvm\nvm;C:\Program Files\nodejs;D:\system\TortoiseGit\bin;D:\utils\flutter\bin;C:\Users\1\AppData\Roaming\npm;C:\Users\1\AppData\Local\Microsoft\WindowsApps;D:\system\nvm\nvm;C:\Program Files\nodejs;D:\utils\Microsoft VS Code\Microsoft VS Code\bin
10 verbose lifecycle location-test@1.0.0~start: CWD: D:\example\me\server
11 silly lifecycle location-test@1.0.0~start: Args: [ '/d /s /c', 'node dist/index.js' ]
12 silly lifecycle location-test@1.0.0~start: Returned: code: 1  signal: null
13 info lifecycle location-test@1.0.0~start: Failed to exec start script
14 verbose stack Error: location-test@1.0.0 start: `node dist/index.js`
14 verbose stack Exit status 1
14 verbose stack     at EventEmitter.<anonymous> (D:\system\nvm\nvm\v6.3.1\node_modules\npm\lib\utils\lifecycle.js:242:16)
14 verbose stack     at emitTwo (events.js:106:13)
14 verbose stack     at EventEmitter.emit (events.js:191:7)
14 verbose stack     at ChildProcess.<anonymous> (D:\system\nvm\nvm\v6.3.1\node_modules\npm\lib\utils\spawn.js:40:14)
14 verbose stack     at emitTwo (events.js:106:13)
14 verbose stack     at ChildProcess.emit (events.js:191:7)
14 verbose stack     at maybeClose (internal/child_process.js:852:16)
14 verbose stack     at Process.ChildProcess._handle.onexit (internal/child_process.js:215:5)
15 verbose pkgid location-test@1.0.0
16 verbose cwd D:\example\me\server
17 error Windows_NT 10.0.18362
18 error argv "C:\\Program Files\\nodejs\\node.exe" "C:\\Program Files\\nodejs\\node_modules\\npm\\bin\\npm-cli.js" "start"
19 error node v6.3.1
20 error npm  v3.10.3
21 error code ELIFECYCLE
22 error location-test@1.0.0 start: `node dist/index.js`
22 error Exit status 1
23 error Failed at the location-test@1.0.0 start script 'node dist/index.js'.
23 error Make sure you have the latest version of node.js and npm installed.
23 error If you do, this is most likely a problem with the location-test package,
23 error not with npm itself.
23 error Tell the author that this fails on your system:
23 error     node dist/index.js
23 error You can get information on how to open an issue for this project with:
23 error     npm bugs location-test
23 error Or if that isn't available, you can get their info via:
23 error     npm owner ls location-test
23 error There is likely additional logging output above.
24 verbose exit [ 1, true ]
