[2020-01-13T11:54:03.105] [INFO] default - headers:undefined,timestamp:1578887643105
[2020-01-13T11:54:03.123] [ERROR] default - headers.authorization not found
[2020-01-13T11:54:51.907] [INFO] default - headers:undefined,timestamp:1578887691907
[2020-01-13T11:54:51.920] [ERROR] default - headers.authorization not found
[2020-01-13T11:55:09.414] [INFO] default - headers:undefined,timestamp:1578887709414
[2020-01-13T11:55:09.422] [ERROR] default - headers.authorization not found
[2020-01-13T11:56:52.651] [INFO] default - headers:undefined,timestamp:1578887812651
[2020-01-13T11:56:52.736] [INFO] default - {"token":"eyJhbGciOiJIUzI1NiIsInR5cCI6IkpXVCJ9.eyJpZCI6MSwibmlja05hbWUiOiLlpKnlhrAiLCJwYXNzd29yZCI6IjQ4YmJkOWVhNDg3ZjI2OTlhNWE4YjZiMTgxYTRmMzAwIiwiZW1haWwiOiI0OTM1NDkxNzRAcXEuY29tIiwicGhvbmUiOiIxNTAyMTE0NjM0OCIsIm1ldHRvIjoi5aSp5LiK5YawLOS6ruaZtuaZti4iLCJoZWFkaW1nIjoiaHR0cDovL3N0YXRpYy5xdWFsYy5jbi9pbWFnZXMvdXBsb2FkXzAzZTdlYmU5MDRhY2YxYjJmZDRlYThjZmU2MmRiNzc3LmpwZyIsInVzZXJzUm9sZUlkIjoxLCJyb2xlTmFtZSI6Iui2hee6p-euoeeQhuWRmCIsImlhdCI6MTU3ODg4NzgxMiwiZXhwIjoxNTc5MTg3ODEyfQ.4Sv822xP1C_v4HsgrpU7A_bZ4KguFZofPPmAgkvviiw"}
[2020-01-13T11:56:56.810] [INFO] default - headers:undefined,timestamp:1578887816810
[2020-01-13T11:59:00.375] [INFO] default - headers:undefined,timestamp:1578887940375
[2020-01-13T11:59:00.454] [INFO] default - {"token":"eyJhbGciOiJIUzI1NiIsInR5cCI6IkpXVCJ9.eyJpZCI6MSwibmlja05hbWUiOiLlpKnlhrAiLCJwYXNzd29yZCI6IjQ4YmJkOWVhNDg3ZjI2OTlhNWE4YjZiMTgxYTRmMzAwIiwiZW1haWwiOiI0OTM1NDkxNzRAcXEuY29tIiwicGhvbmUiOiIxNTAyMTE0NjM0OCIsIm1ldHRvIjoi5aSp5LiK5YawLOS6ruaZtuaZti4iLCJoZWFkaW1nIjoiaHR0cDovL3N0YXRpYy5xdWFsYy5jbi9pbWFnZXMvdXBsb2FkXzAzZTdlYmU5MDRhY2YxYjJmZDRlYThjZmU2MmRiNzc3LmpwZyIsInVzZXJzUm9sZUlkIjoxLCJyb2xlTmFtZSI6Iui2hee6p-euoeeQhuWRmCIsImlhdCI6MTU3ODg4Nzk0MCwiZXhwIjoxNTc5MTg3OTQwfQ.i15UqVY4d0Lf2rlLkx9GD0MqQlDjjDXZnhA5NQG6Jg8"}
[2020-01-13T11:59:00.459] [INFO] default - headers:undefined,timestamp:1578887940459
[2020-01-13T14:58:48.614] [INFO] default - headers:undefined,timestamp:1578898728614
[2020-01-13T14:58:48.758] [INFO] default - {"token":"eyJhbGciOiJIUzI1NiIsInR5cCI6IkpXVCJ9.eyJpZCI6MSwibmlja05hbWUiOiLlpKnlhrAiLCJwYXNzd29yZCI6IjQ4YmJkOWVhNDg3ZjI2OTlhNWE4YjZiMTgxYTRmMzAwIiwiZW1haWwiOiI0OTM1NDkxNzRAcXEuY29tIiwicGhvbmUiOiIxNTAyMTE0NjM0OCIsIm1ldHRvIjoi5aSp5LiK5YawLOS6ruaZtuaZti4iLCJoZWFkaW1nIjoiaHR0cDovL3N0YXRpYy5xdWFsYy5jbi9pbWFnZXMvdXBsb2FkXzAzZTdlYmU5MDRhY2YxYjJmZDRlYThjZmU2MmRiNzc3LmpwZyIsInVzZXJzUm9sZUlkIjoxLCJyb2xlTmFtZSI6Iui2hee6p-euoeeQhuWRmCIsImlhdCI6MTU3ODg5ODcyOCwiZXhwIjoxNTc5MTk4NzI4fQ.lgmBOkj_yhO-vURYj3v8L1eCNtrgBruu8CZdOuHA_sE"}
[2020-01-13T14:58:48.764] [INFO] default - headers:undefined,timestamp:1578898728764
[2020-01-13T14:59:54.076] [INFO] default - headers:undefined,timestamp:1578898794075
[2020-01-13T14:59:54.124] [INFO] default - [{"id":1,"label":"Web前端","iconUrl":""},{"id":2,"label":"数据库","iconUrl":""},{"id":4,"label":"Nodejs","iconUrl":""},{"id":7,"label":"Webpack","iconUrl":""},{"id":8,"label":"Unity","iconUrl":""},{"id":12,"label":"Linux","iconUrl":""},{"id":13,"label":"Nginx","iconUrl":""},{"id":14,"label":"CSS","iconUrl":""},{"id":15,"label":"Python","iconUrl":""},{"id":16,"label":"Docker","iconUrl":""},{"id":17,"label":"其他","iconUrl":""},{"id":18,"label":"Redis","iconUrl":""},{"id":19,"label":"Vue","iconUrl":""}]
[2020-01-13T15:00:26.232] [INFO] default - headers:undefined,timestamp:1578898826232
[2020-01-13T15:00:26.267] [INFO] default - [{"id":1,"label":"Web前端","iconUrl":""},{"id":2,"label":"数据库","iconUrl":""},{"id":4,"label":"Nodejs","iconUrl":""},{"id":7,"label":"Webpack","iconUrl":""},{"id":8,"label":"Unity","iconUrl":""},{"id":12,"label":"Linux","iconUrl":""},{"id":13,"label":"Nginx","iconUrl":""},{"id":14,"label":"CSS","iconUrl":""},{"id":15,"label":"Python","iconUrl":""},{"id":16,"label":"Docker","iconUrl":""},{"id":17,"label":"其他","iconUrl":""},{"id":18,"label":"Redis","iconUrl":""},{"id":19,"label":"Vue","iconUrl":""}]
[2020-01-13T15:00:51.670] [INFO] default - headers:undefined,timestamp:1578898851670
[2020-01-13T15:00:51.721] [INFO] default - [{"id":1,"label":"Web前端","iconUrl":""},{"id":2,"label":"数据库","iconUrl":""},{"id":4,"label":"Nodejs","iconUrl":""},{"id":7,"label":"Webpack","iconUrl":""},{"id":8,"label":"Unity","iconUrl":""},{"id":12,"label":"Linux","iconUrl":""},{"id":13,"label":"Nginx","iconUrl":""},{"id":14,"label":"CSS","iconUrl":""},{"id":15,"label":"Python","iconUrl":""},{"id":16,"label":"Docker","iconUrl":""},{"id":17,"label":"其他","iconUrl":""},{"id":18,"label":"Redis","iconUrl":""},{"id":19,"label":"Vue","iconUrl":""}]
[2020-01-13T15:01:04.711] [INFO] default - headers:undefined,timestamp:1578898864711
[2020-01-13T15:01:04.765] [INFO] default - [{"id":1,"label":"Web前端","iconUrl":""},{"id":2,"label":"数据库","iconUrl":""},{"id":4,"label":"Nodejs","iconUrl":""},{"id":7,"label":"Webpack","iconUrl":""},{"id":8,"label":"Unity","iconUrl":""},{"id":12,"label":"Linux","iconUrl":""},{"id":13,"label":"Nginx","iconUrl":""},{"id":14,"label":"CSS","iconUrl":""},{"id":15,"label":"Python","iconUrl":""},{"id":16,"label":"Docker","iconUrl":""},{"id":17,"label":"其他","iconUrl":""},{"id":18,"label":"Redis","iconUrl":""},{"id":19,"label":"Vue","iconUrl":""}]
[2020-01-13T15:01:21.131] [INFO] default - headers:undefined,timestamp:1578898881130
[2020-01-13T15:02:35.005] [INFO] default - headers:undefined,timestamp:1578898955004
[2020-01-13T15:03:30.048] [INFO] default - headers:undefined,timestamp:1578899010048
[2020-01-13T15:03:30.097] [INFO] default - [{"id":1,"label":"Web前端","iconUrl":""},{"id":2,"label":"数据库","iconUrl":""},{"id":4,"label":"Nodejs","iconUrl":""},{"id":7,"label":"Webpack","iconUrl":""},{"id":8,"label":"Unity","iconUrl":""},{"id":12,"label":"Linux","iconUrl":""},{"id":13,"label":"Nginx","iconUrl":""},{"id":14,"label":"CSS","iconUrl":""},{"id":15,"label":"Python","iconUrl":""},{"id":16,"label":"Docker","iconUrl":""},{"id":17,"label":"其他","iconUrl":""},{"id":18,"label":"Redis","iconUrl":""},{"id":19,"label":"Vue","iconUrl":""}]
